<?xml version="1.0" encoding="UTF-8"?>
<!-- Generated by org.testng.reporters.JUnitXMLReporter -->
<testsuite ignored="3" hostname="DESKTOP-VRBAL0D" failures="0" tests="1" name="Default test" time="17.052" errors="0" timestamp="2022-11-13T12:44:52 IST">
  <testcase classname="com.excelr.testcases.LoginPageTest" name="validateLoginTest" time="4.159"/>
  <testcase classname="com.excelr.testcases.LoginPageTest" name="validateTitleTest" time="0.0">
    <ignored/>
  </testcase> <!-- validateTitleTest -->
  <testcase classname="com.excelr.testcases.LoginPageTest" name="validateLogoTest" time="0.0">
    <ignored/>
  </testcase> <!-- validateLogoTest -->
  <testcase classname="com.excelr.testcases.LoginPageTest" name="forgotPasswordLinkTest" time="0.0">
    <ignored/>
  </testcase> <!-- forgotPasswordLinkTest -->
</testsuite> <!-- Default test -->
