<?xml version="1.0" encoding="UTF-8"?>
<testng-results ignored="3" total="4" passed="1" failed="0" skipped="0">
  <reporter-output>
  </reporter-output>
  <suite started-at="2022-11-13T12:44:34 IST" name="Default suite" finished-at="2022-11-13T12:44:52 IST" duration-ms="17052">
    <groups>
    </groups>
    <test started-at="2022-11-13T12:44:34 IST" name="Default test" finished-at="2022-11-13T12:44:52 IST" duration-ms="17052">
      <class name="com.excelr.testcases.LoginPageTest">
        <test-method is-config="true" signature="browserConfig()[pri:0, instance:com.excelr.testcases.LoginPageTest@1b2abca6]" started-at="2022-11-13T12:44:35 IST" name="browserConfig" finished-at="2022-11-13T12:44:46 IST" duration-ms="11877" status="PASS">
          <reporter-output>
          </reporter-output>
        </test-method> <!-- browserConfig -->
        <test-method signature="validateLoginTest()[pri:0, instance:com.excelr.testcases.LoginPageTest@1b2abca6]" started-at="2022-11-13T12:44:46 IST" name="validateLoginTest" finished-at="2022-11-13T12:44:51 IST" duration-ms="4159" status="PASS">
          <reporter-output>
          </reporter-output>
        </test-method> <!-- validateLoginTest -->
        <test-method is-config="true" signature="closeBrowser()[pri:0, instance:com.excelr.testcases.LoginPageTest@1b2abca6]" started-at="2022-11-13T12:44:51 IST" name="closeBrowser" finished-at="2022-11-13T12:44:52 IST" duration-ms="951" status="PASS">
          <reporter-output>
          </reporter-output>
        </test-method> <!-- closeBrowser -->
      </class> <!-- com.excelr.testcases.LoginPageTest -->
    </test> <!-- Default test -->
  </suite> <!-- Default suite -->
</testng-results>
